0 info it worked if it ends with ok
1 verbose cli [ '/usr/bin/node',
1 verbose cli   '/usr/bin/npm',
1 verbose cli   'run',
1 verbose cli   'ionic:serve',
1 verbose cli   '--',
1 verbose cli   '--v2',
1 verbose cli   'undefined',
1 verbose cli   '--address',
1 verbose cli   '0.0.0.0',
1 verbose cli   '--port',
1 verbose cli   '8100',
1 verbose cli   '--livereload-port',
1 verbose cli   '35729' ]
2 info using npm@3.10.10
3 info using node@v6.13.1
4 verbose run-script [ 'preionic:serve', 'ionic:serve', 'postionic:serve' ]
5 info lifecycle CoFEE@0.0.0~preionic:serve: CoFEE@0.0.0
6 silly lifecycle CoFEE@0.0.0~preionic:serve: no script for preionic:serve, continuing
7 info lifecycle CoFEE@0.0.0~ionic:serve: CoFEE@0.0.0
8 verbose lifecycle CoFEE@0.0.0~ionic:serve: unsafe-perm in lifecycle true
9 verbose lifecycle CoFEE@0.0.0~ionic:serve: PATH: /usr/lib/node_modules/npm/bin/node-gyp-bin:/home/vxsrini/Development/CEMobility/node_modules/.bin:/home/vxsrini/bin:/home/vxsrini/.local/bin:/usr/local/sbin:/usr/local/bin:/usr/sbin:/usr/bin:/sbin:/bin:/usr/games:/usr/local/games:/snap/bin:/home/vxsrini/Downloads/jdk1.8.0_112/bin:/home/vxsrini/Downloads/apache-maven-3.3.9/bin:/home/vxsrini/Downloads/android-sdk-linux/tools:/home/vxsrini/Downloads/android-sdk-linux/tools/bin:/home/vxsrini/Downloads/android-sdk-linux/platform-tools
10 verbose lifecycle CoFEE@0.0.0~ionic:serve: CWD: /home/vxsrini/Development/CEMobility
11 silly lifecycle CoFEE@0.0.0~ionic:serve: Args: [ '-c',
11 silly lifecycle   'ionic-app-scripts serve "--v2" "undefined" "--address" "0.0.0.0" "--port" "8100" "--livereload-port" "35729"' ]
12 silly lifecycle CoFEE@0.0.0~ionic:serve: Returned: code: 1  signal: null
13 info lifecycle CoFEE@0.0.0~ionic:serve: Failed to exec ionic:serve script
14 verbose stack Error: CoFEE@0.0.0 ionic:serve: `ionic-app-scripts serve "--v2" "undefined" "--address" "0.0.0.0" "--port" "8100" "--livereload-port" "35729"`
14 verbose stack Exit status 1
14 verbose stack     at EventEmitter.<anonymous> (/usr/lib/node_modules/npm/lib/utils/lifecycle.js:255:16)
14 verbose stack     at emitTwo (events.js:106:13)
14 verbose stack     at EventEmitter.emit (events.js:191:7)
14 verbose stack     at ChildProcess.<anonymous> (/usr/lib/node_modules/npm/lib/utils/spawn.js:40:14)
14 verbose stack     at emitTwo (events.js:106:13)
14 verbose stack     at ChildProcess.emit (events.js:191:7)
14 verbose stack     at maybeClose (internal/child_process.js:920:16)
14 verbose stack     at Process.ChildProcess._handle.onexit (internal/child_process.js:230:5)
15 verbose pkgid CoFEE@0.0.0
16 verbose cwd /home/vxsrini/Development/CEMobility
17 error Linux 4.4.0-119-generic
18 error argv "/usr/bin/node" "/usr/bin/npm" "run" "ionic:serve" "--" "--v2" "undefined" "--address" "0.0.0.0" "--port" "8100" "--livereload-port" "35729"
19 error node v6.13.1
20 error npm  v3.10.10
21 error code ELIFECYCLE
22 error CoFEE@0.0.0 ionic:serve: `ionic-app-scripts serve "--v2" "undefined" "--address" "0.0.0.0" "--port" "8100" "--livereload-port" "35729"`
22 error Exit status 1
23 error Failed at the CoFEE@0.0.0 ionic:serve script 'ionic-app-scripts serve "--v2" "undefined" "--address" "0.0.0.0" "--port" "8100" "--livereload-port" "35729"'.
23 error Make sure you have the latest version of node.js and npm installed.
23 error If you do, this is most likely a problem with the CoFEE package,
23 error not with npm itself.
23 error Tell the author that this fails on your system:
23 error     ionic-app-scripts serve "--v2" "undefined" "--address" "0.0.0.0" "--port" "8100" "--livereload-port" "35729"
23 error You can get information on how to open an issue for this project with:
23 error     npm bugs CoFEE
23 error Or if that isn't available, you can get their info via:
23 error     npm owner ls CoFEE
23 error There is likely additional logging output above.
24 verbose exit [ 1, true ]
